0 info it worked if it ends with ok
1 verbose cli [ 'C:\\Program Files (x86)\\nodejs\\\\node.exe',
1 verbose cli   'C:\\Program Files (x86)\\nodejs\\node_modules\\npm\\bin\\npm-cli.js',
1 verbose cli   'install',
1 verbose cli   'angular-testing',
1 verbose cli   '--save' ]
2 info using npm@2.7.4
3 info using node@v0.12.2
4 verbose node symlink C:\Program Files (x86)\nodejs\\node.exe
5 silly cache add args [ 'angular-testing', null ]
6 verbose cache add spec angular-testing
7 silly cache add parsed spec { raw: 'angular-testing',
7 silly cache add   scope: null,
7 silly cache add   name: 'angular-testing',
7 silly cache add   rawSpec: '',
7 silly cache add   spec: '*',
7 silly cache add   type: 'range' }
8 verbose addNamed angular-testing@*
9 silly addNamed semver.valid null
10 silly addNamed semver.validRange *
11 silly addNameRange { name: 'angular-testing', range: '*', hasData: false }
12 silly mapToRegistry name angular-testing
13 silly mapToRegistry using default registry
14 silly mapToRegistry registry https://registry.npmjs.org/
15 silly mapToRegistry uri https://registry.npmjs.org/angular-testing
16 verbose addNameRange registry:https://registry.npmjs.org/angular-testing not in flight; fetching
17 verbose request uri https://registry.npmjs.org/angular-testing
18 verbose request no auth needed
19 info attempt registry request try #1 at 1:58:36 PM
20 verbose request id ed91f765d4adf5d4
21 http request GET https://registry.npmjs.org/angular-testing
22 http 404 https://registry.npmjs.org/angular-testing
23 verbose headers { 'content-type': 'application/json',
23 verbose headers   'cache-control': 'max-age=0',
23 verbose headers   'content-length': '2',
23 verbose headers   'accept-ranges': 'bytes',
23 verbose headers   date: 'Wed, 27 Apr 2016 17:58:36 GMT',
23 verbose headers   via: '1.1 varnish',
23 verbose headers   age: '0',
23 verbose headers   connection: 'keep-alive',
23 verbose headers   'x-served-by': 'cache-dfw1824-DFW',
23 verbose headers   'x-cache': 'MISS',
23 verbose headers   'x-cache-hits': '0',
23 verbose headers   'x-timer': 'S1461779916.855408,VS0,VE83',
23 verbose headers   vary: 'Accept-Encoding' }
24 silly get cb [ 404,
24 silly get   { 'content-type': 'application/json',
24 silly get     'cache-control': 'max-age=0',
24 silly get     'content-length': '2',
24 silly get     'accept-ranges': 'bytes',
24 silly get     date: 'Wed, 27 Apr 2016 17:58:36 GMT',
24 silly get     via: '1.1 varnish',
24 silly get     age: '0',
24 silly get     connection: 'keep-alive',
24 silly get     'x-served-by': 'cache-dfw1824-DFW',
24 silly get     'x-cache': 'MISS',
24 silly get     'x-cache-hits': '0',
24 silly get     'x-timer': 'S1461779916.855408,VS0,VE83',
24 silly get     vary: 'Accept-Encoding' } ]
25 verbose stack Error: Registry returned 404 for GET on https://registry.npmjs.org/angular-testing
25 verbose stack     at CachingRegistryClient.<anonymous> (C:\Program Files (x86)\nodejs\node_modules\npm\node_modules\npm-registry-client\lib\request.js:239:14)
25 verbose stack     at Request._callback (C:\Program Files (x86)\nodejs\node_modules\npm\node_modules\npm-registry-client\lib\request.js:170:14)
25 verbose stack     at Request.self.callback (C:\Program Files (x86)\nodejs\node_modules\npm\node_modules\request\request.js:344:22)
25 verbose stack     at Request.emit (events.js:110:17)
25 verbose stack     at Request.<anonymous> (C:\Program Files (x86)\nodejs\node_modules\npm\node_modules\request\request.js:1239:14)
25 verbose stack     at Request.emit (events.js:129:20)
25 verbose stack     at IncomingMessage.<anonymous> (C:\Program Files (x86)\nodejs\node_modules\npm\node_modules\request\request.js:1187:12)
25 verbose stack     at IncomingMessage.emit (events.js:129:20)
25 verbose stack     at _stream_readable.js:908:16
25 verbose stack     at process._tickCallback (node.js:355:11)
26 verbose statusCode 404
27 verbose pkgid angular-testing
28 verbose cwd c:\Demos\musicapp
29 error Windows_NT 6.3.9600
30 error argv "C:\\Program Files (x86)\\nodejs\\\\node.exe" "C:\\Program Files (x86)\\nodejs\\node_modules\\npm\\bin\\npm-cli.js" "install" "angular-testing" "--save"
31 error node v0.12.2
32 error npm  v2.7.4
33 error code E404
34 error 404 Registry returned 404 for GET on https://registry.npmjs.org/angular-testing
34 error 404
34 error 404 'angular-testing' is not in the npm registry.
34 error 404 You should bug the author to publish it (or use the name yourself!)
34 error 404 It was specified as a dependency of 'music-app'
34 error 404
34 error 404 Note that you can also install from a
34 error 404 tarball, folder, http url, or git url.
35 verbose exit [ 1, true ]
